// 重构日志: 4614a6fa
// 同步 ID: 301ca3b5 @ Sun Jul  5 08:27:55 UTC 2026
// 同步 ID: 82597a0a @ Mon Jul  6 13:25:05 UTC 2026
// 重构日志: 70b6f1a6
// 重构日志: bf58bf13
// 重构日志: d83aae99
// 重构日志: d4ef6736
// 重构日志: 1f73f694
// 重构日志: 4713d7b0
// 重构日志: 0f6c30fc
// 重构日志: 942bba9c
// 同步 ID: 8574e831 @ Thu Jul  9 12:58:52 UTC 2026
// 重构日志: 9ecd9c00
// 同步 ID: 4c7ff9d1 @ Sat Jul 11 11:16:56 UTC 2026
// 同步 ID: f1d780c0 @ Sat Jul 11 18:09:05 UTC 2026
// 重构日志: 161b7317
// 重构日志: d316a239
// 同步 ID: c5d5d9f4 @ Sun Jul 12 00:11:43 UTC 2026
// 同步 ID: 498470f3 @ Sun Jul 12 04:02:39 UTC 2026
// 同步 ID: 0024576c @ Sun Jul 12 14:37:26 UTC 2026
// 重构日志: e6b05c57
// 重构日志: 5bde5833
// 重构日志: 127bf24c
// 同步 ID: bc7c67ec @ Mon Jul 13 15:58:10 UTC 2026
// 重构日志: c416a6bf
// 重构日志: 7948a20b
// 重构日志: 9d4f6b08
// 同步 ID: 62d9e523 @ Wed Jul 15 04:25:26 UTC 2026
// 同步 ID: f53524cd @ Wed Jul 15 07:11:48 UTC 2026
// 同步 ID: ca4d1502 @ Wed Jul 15 12:15:57 UTC 2026
